<?xml version="1.0" encoding="UTF-8"?>
<testsuite xmlns:xsi="http://www.w3.org/2001/XMLSchema-instance" xsi:noNamespaceSchemaLocation="https://maven.apache.org/surefire/maven-surefire-plugin/xsd/surefire-test-report-3.0.xsd" version="3.0" name="functions.HelloWorldTest(sponge_log)" time="0.999" tests="1" errors="0" skipped="0" failures="0">
  <properties>
    <property name="sun.desktop" value="gnome"/>
    <property name="awt.toolkit" value="sun.awt.X11.XToolkit"/>
    <property name="java.specification.version" value="11"/>
    <property name="sun.cpu.isalist" value=""/>
    <property name="sun.jnu.encoding" value="UTF-8"/>
    <property name="java.class.path" value="/home/niveus/Desktop/java-docs-samples/functions/helloworld/helloworld/target/test-classes:/home/niveus/Desktop/java-docs-samples/functions/helloworld/helloworld/target/classes:/home/niveus/.m2/repository/com/google/cloud/functions/functions-framework-api/1.0.4/functions-framework-api-1.0.4.jar:/home/niveus/.m2/repository/io/cloudevents/cloudevents-api/2.0.0.RC2/cloudevents-api-2.0.0.RC2.jar:/home/niveus/.m2/repository/com/google/truth/truth/1.1.3/truth-1.1.3.jar:/home/niveus/.m2/repository/com/google/guava/guava/30.1.1-android/guava-30.1.1-android.jar:/home/niveus/.m2/repository/com/google/guava/failureaccess/1.0.1/failureaccess-1.0.1.jar:/home/niveus/.m2/repository/com/google/guava/listenablefuture/9999.0-empty-to-avoid-conflict-with-guava/listenablefuture-9999.0-empty-to-avoid-conflict-with-guava.jar:/home/niveus/.m2/repository/org/checkerframework/checker-compat-qual/2.5.5/checker-compat-qual-2.5.5.jar:/home/niveus/.m2/repository/org/checkerframework/checker-qual/3.13.0/checker-qual-3.13.0.jar:/home/niveus/.m2/repository/junit/junit/4.13.2/junit-4.13.2.jar:/home/niveus/.m2/repository/org/hamcrest/hamcrest-core/1.3/hamcrest-core-1.3.jar:/home/niveus/.m2/repository/com/google/auto/value/auto-value-annotations/1.8.1/auto-value-annotations-1.8.1.jar:/home/niveus/.m2/repository/com/google/errorprone/error_prone_annotations/2.7.1/error_prone_annotations-2.7.1.jar:/home/niveus/.m2/repository/org/ow2/asm/asm/9.1/asm-9.1.jar:/home/niveus/.m2/repository/com/google/guava/guava-testlib/31.1-jre/guava-testlib-31.1-jre.jar:/home/niveus/.m2/repository/com/google/code/findbugs/jsr305/3.0.2/jsr305-3.0.2.jar:/home/niveus/.m2/repository/com/google/j2objc/j2objc-annotations/1.3/j2objc-annotations-1.3.jar:/home/niveus/.m2/repository/org/mockito/mockito-core/4.5.1/mockito-core-4.5.1.jar:/home/niveus/.m2/repository/net/bytebuddy/byte-buddy/1.12.9/byte-buddy-1.12.9.jar:/home/niveus/.m2/repository/net/bytebuddy/byte-buddy-agent/1.12.9/byte-buddy-agent-1.12.9.jar:/home/niveus/.m2/repository/org/objenesis/objenesis/3.2/objenesis-3.2.jar:/home/niveus/.m2/repository/com/github/spotbugs/spotbugs-annotations/4.5.0/spotbugs-annotations-4.5.0.jar:/home/niveus/.m2/repository/com/google/cloud/google-cloud-core/2.3.2/google-cloud-core-2.3.2-tests.jar:/home/niveus/.m2/repository/com/google/api/gax/2.7.0/gax-2.7.0.jar:/home/niveus/.m2/repository/io/opencensus/opencensus-api/0.28.0/opencensus-api-0.28.0.jar:/home/niveus/.m2/repository/io/grpc/grpc-context/1.27.2/grpc-context-1.27.2.jar:/home/niveus/.m2/repository/com/google/protobuf/protobuf-java-util/3.19.1/protobuf-java-util-3.19.1.jar:/home/niveus/.m2/repository/com/google/code/gson/gson/2.8.6/gson-2.8.6.jar:/home/niveus/.m2/repository/com/google/api/grpc/proto-google-common-protos/2.7.0/proto-google-common-protos-2.7.0.jar:/home/niveus/.m2/repository/com/google/api/grpc/proto-google-iam-v1/1.1.7/proto-google-iam-v1-1.1.7.jar:/home/niveus/.m2/repository/org/threeten/threetenbp/1.5.2/threetenbp-1.5.2.jar:/home/niveus/.m2/repository/com/google/api/api-common/2.1.1/api-common-2.1.1.jar:/home/niveus/.m2/repository/javax/annotation/javax.annotation-api/1.3.2/javax.annotation-api-1.3.2.jar:/home/niveus/.m2/repository/com/google/auth/google-auth-library-credentials/1.3.0/google-auth-library-credentials-1.3.0.jar:/home/niveus/.m2/repository/com/google/auth/google-auth-library-oauth2-http/1.3.0/google-auth-library-oauth2-http-1.3.0.jar:/home/niveus/.m2/repository/com/google/http-client/google-http-client/1.40.1/google-http-client-1.40.1.jar:/home/niveus/.m2/repository/org/apache/httpcomponents/httpclient/4.5.13/httpclient-4.5.13.jar:/home/niveus/.m2/repository/commons-logging/commons-logging/1.2/commons-logging-1.2.jar:/home/niveus/.m2/repository/commons-codec/commons-codec/1.11/commons-codec-1.11.jar:/home/niveus/.m2/repository/org/apache/httpcomponents/httpcore/4.4.14/httpcore-4.4.14.jar:/home/niveus/.m2/repository/io/opencensus/opencensus-contrib-http-util/0.28.0/opencensus-contrib-http-util-0.28.0.jar:/home/niveus/.m2/repository/com/google/http-client/google-http-client-gson/1.40.1/google-http-client-gson-1.40.1.jar:/home/niveus/.m2/repository/com/google/protobuf/protobuf-java/3.19.1/protobuf-java-3.19.1.jar:"/>
    <property name="java.vm.vendor" value="Ubuntu"/>
    <property name="sun.arch.data.model" value="64"/>
    <property name="java.vendor.url" value="https://ubuntu.com/"/>
    <property name="user.timezone" value=""/>
    <property name="java.vm.specification.version" value="11"/>
    <property name="os.name" value="Linux"/>
    <property name="sun.java.launcher" value="SUN_STANDARD"/>
    <property name="user.country" value="IN"/>
    <property name="sun.boot.library.path" value="/usr/lib/jvm/java-11-openjdk-amd64/lib"/>
    <property name="sun.java.command" value="/home/niveus/Desktop/java-docs-samples/functions/helloworld/helloworld/target/surefire/surefirebooter-20230106104723143_3.jar /home/niveus/Desktop/java-docs-samples/functions/helloworld/helloworld/target/surefire 2023-01-06T10-47-22_907-jvmRun1 surefire-20230106104723143_1tmp surefire_0-20230106104723143_2tmp"/>
    <property name="jdk.debug" value="release"/>
    <property name="surefire.test.class.path" value="/home/niveus/Desktop/java-docs-samples/functions/helloworld/helloworld/target/test-classes:/home/niveus/Desktop/java-docs-samples/functions/helloworld/helloworld/target/classes:/home/niveus/.m2/repository/com/google/cloud/functions/functions-framework-api/1.0.4/functions-framework-api-1.0.4.jar:/home/niveus/.m2/repository/io/cloudevents/cloudevents-api/2.0.0.RC2/cloudevents-api-2.0.0.RC2.jar:/home/niveus/.m2/repository/com/google/truth/truth/1.1.3/truth-1.1.3.jar:/home/niveus/.m2/repository/com/google/guava/guava/30.1.1-android/guava-30.1.1-android.jar:/home/niveus/.m2/repository/com/google/guava/failureaccess/1.0.1/failureaccess-1.0.1.jar:/home/niveus/.m2/repository/com/google/guava/listenablefuture/9999.0-empty-to-avoid-conflict-with-guava/listenablefuture-9999.0-empty-to-avoid-conflict-with-guava.jar:/home/niveus/.m2/repository/org/checkerframework/checker-compat-qual/2.5.5/checker-compat-qual-2.5.5.jar:/home/niveus/.m2/repository/org/checkerframework/checker-qual/3.13.0/checker-qual-3.13.0.jar:/home/niveus/.m2/repository/junit/junit/4.13.2/junit-4.13.2.jar:/home/niveus/.m2/repository/org/hamcrest/hamcrest-core/1.3/hamcrest-core-1.3.jar:/home/niveus/.m2/repository/com/google/auto/value/auto-value-annotations/1.8.1/auto-value-annotations-1.8.1.jar:/home/niveus/.m2/repository/com/google/errorprone/error_prone_annotations/2.7.1/error_prone_annotations-2.7.1.jar:/home/niveus/.m2/repository/org/ow2/asm/asm/9.1/asm-9.1.jar:/home/niveus/.m2/repository/com/google/guava/guava-testlib/31.1-jre/guava-testlib-31.1-jre.jar:/home/niveus/.m2/repository/com/google/code/findbugs/jsr305/3.0.2/jsr305-3.0.2.jar:/home/niveus/.m2/repository/com/google/j2objc/j2objc-annotations/1.3/j2objc-annotations-1.3.jar:/home/niveus/.m2/repository/org/mockito/mockito-core/4.5.1/mockito-core-4.5.1.jar:/home/niveus/.m2/repository/net/bytebuddy/byte-buddy/1.12.9/byte-buddy-1.12.9.jar:/home/niveus/.m2/repository/net/bytebuddy/byte-buddy-agent/1.12.9/byte-buddy-agent-1.12.9.jar:/home/niveus/.m2/repository/org/objenesis/objenesis/3.2/objenesis-3.2.jar:/home/niveus/.m2/repository/com/github/spotbugs/spotbugs-annotations/4.5.0/spotbugs-annotations-4.5.0.jar:/home/niveus/.m2/repository/com/google/cloud/google-cloud-core/2.3.2/google-cloud-core-2.3.2-tests.jar:/home/niveus/.m2/repository/com/google/api/gax/2.7.0/gax-2.7.0.jar:/home/niveus/.m2/repository/io/opencensus/opencensus-api/0.28.0/opencensus-api-0.28.0.jar:/home/niveus/.m2/repository/io/grpc/grpc-context/1.27.2/grpc-context-1.27.2.jar:/home/niveus/.m2/repository/com/google/protobuf/protobuf-java-util/3.19.1/protobuf-java-util-3.19.1.jar:/home/niveus/.m2/repository/com/google/code/gson/gson/2.8.6/gson-2.8.6.jar:/home/niveus/.m2/repository/com/google/api/grpc/proto-google-common-protos/2.7.0/proto-google-common-protos-2.7.0.jar:/home/niveus/.m2/repository/com/google/api/grpc/proto-google-iam-v1/1.1.7/proto-google-iam-v1-1.1.7.jar:/home/niveus/.m2/repository/org/threeten/threetenbp/1.5.2/threetenbp-1.5.2.jar:/home/niveus/.m2/repository/com/google/api/api-common/2.1.1/api-common-2.1.1.jar:/home/niveus/.m2/repository/javax/annotation/javax.annotation-api/1.3.2/javax.annotation-api-1.3.2.jar:/home/niveus/.m2/repository/com/google/auth/google-auth-library-credentials/1.3.0/google-auth-library-credentials-1.3.0.jar:/home/niveus/.m2/repository/com/google/auth/google-auth-library-oauth2-http/1.3.0/google-auth-library-oauth2-http-1.3.0.jar:/home/niveus/.m2/repository/com/google/http-client/google-http-client/1.40.1/google-http-client-1.40.1.jar:/home/niveus/.m2/repository/org/apache/httpcomponents/httpclient/4.5.13/httpclient-4.5.13.jar:/home/niveus/.m2/repository/commons-logging/commons-logging/1.2/commons-logging-1.2.jar:/home/niveus/.m2/repository/commons-codec/commons-codec/1.11/commons-codec-1.11.jar:/home/niveus/.m2/repository/org/apache/httpcomponents/httpcore/4.4.14/httpcore-4.4.14.jar:/home/niveus/.m2/repository/io/opencensus/opencensus-contrib-http-util/0.28.0/opencensus-contrib-http-util-0.28.0.jar:/home/niveus/.m2/repository/com/google/http-client/google-http-client-gson/1.40.1/google-http-client-gson-1.40.1.jar:/home/niveus/.m2/repository/com/google/protobuf/protobuf-java/3.19.1/protobuf-java-3.19.1.jar:"/>
    <property name="sun.cpu.endian" value="little"/>
    <property name="user.home" value="/home/niveus"/>
    <property name="user.language" value="en"/>
    <property name="java.specification.vendor" value="Oracle Corporation"/>
    <property name="java.version.date" value="2022-10-18"/>
    <property name="java.home" value="/usr/lib/jvm/java-11-openjdk-amd64"/>
    <property name="file.separator" value="/"/>
    <property name="basedir" value="/home/niveus/Desktop/java-docs-samples/functions/helloworld/helloworld"/>
    <property name="java.vm.compressedOopsMode" value="Zero based"/>
    <property name="line.separator" value="&#10;"/>
    <property name="java.specification.name" value="Java Platform API Specification"/>
    <property name="java.vm.specification.vendor" value="Oracle Corporation"/>
    <property name="java.awt.graphicsenv" value="sun.awt.X11GraphicsEnvironment"/>
    <property name="surefire.real.class.path" value="/home/niveus/Desktop/java-docs-samples/functions/helloworld/helloworld/target/surefire/surefirebooter-20230106104723143_3.jar"/>
    <property name="sun.management.compiler" value="HotSpot 64-Bit Tiered Compilers"/>
    <property name="java.runtime.version" value="11.0.17+8-post-Ubuntu-1ubuntu220.04"/>
    <property name="user.name" value="niveus"/>
    <property name="path.separator" value=":"/>
    <property name="os.version" value="5.15.0-56-generic"/>
    <property name="java.runtime.name" value="OpenJDK Runtime Environment"/>
    <property name="file.encoding" value="UTF-8"/>
    <property name="java.vm.name" value="OpenJDK 64-Bit Server VM"/>
    <property name="localRepository" value="/home/niveus/.m2/repository"/>
    <property name="java.vendor.url.bug" value="https://bugs.launchpad.net/ubuntu/+source/openjdk-lts"/>
    <property name="java.io.tmpdir" value="/tmp"/>
    <property name="java.version" value="11.0.17"/>
    <property name="user.dir" value="/home/niveus/Desktop/java-docs-samples/functions/helloworld/helloworld"/>
    <property name="os.arch" value="amd64"/>
    <property name="java.vm.specification.name" value="Java Virtual Machine Specification"/>
    <property name="java.awt.printerjob" value="sun.print.PSPrinterJob"/>
    <property name="sun.os.patch.level" value="unknown"/>
    <property name="java.library.path" value="/usr/java/packages/lib:/usr/lib/x86_64-linux-gnu/jni:/lib/x86_64-linux-gnu:/usr/lib/x86_64-linux-gnu:/usr/lib/jni:/lib:/usr/lib"/>
    <property name="java.vm.info" value="mixed mode, sharing"/>
    <property name="java.vendor" value="Ubuntu"/>
    <property name="java.vm.version" value="11.0.17+8-post-Ubuntu-1ubuntu220.04"/>
    <property name="sun.io.unicode.encoding" value="UnicodeLittle"/>
    <property name="java.class.version" value="55.0"/>
  </properties>
  <testcase name="helloWorldTest" classname="functions.HelloWorldTest(sponge_log)" time="0.876"/>
</testsuite>